<?xml version="1.0" encoding="UTF-8"?>
<!-- Generated by org.testng.reporters.JUnitReportReporter -->
<testsuite skipped="0" hostname="NODE94" name="com.project.selenium.test.IRCTCloginTest" tests="1" failures="0" timestamp="20 Oct 2016 05:51:46 GMT" time="40.715" errors="0">
  <testcase name="testMethod" time="40.715" classname="com.project.selenium.test.IRCTCloginTest"/>
</testsuite> <!-- com.project.selenium.test.IRCTCloginTest -->
